[
  {
    "timestamp": "2026-05-23T18:19:47.973335",
    "to": "anshikaparmar30@gmail.com",
    "subject": "Reset Your Password - AI Skin Analysis",
    "body": "Your password reset OTP is: 207176. It will expire in 10 minutes."
  },
  {
    "timestamp": "2026-05-21T06:44:22.794808",
    "to": "anshikaparmar30@gmail.com",
    "subject": "Verify Your Account - AI Skin Analysis",
    "body": "Welcome to AI Skin Analysis! Your verification OTP is: 333547. It will expire in 10 minutes."
  },
  {
    "timestamp": "2026-05-21T06:43:39.893557",
    "to": "anshis30@test.com",
    "subject": "Verify Your Account - AI Skin Analysis",
    "body": "Welcome to AI Skin Analysis! Your verification OTP is: 517238. It will expire in 10 minutes."
  }
]